<?xml version='1.0'?>
<ns2:test-suite xmlns:ns2='urn:model.allure.qatools.yandex.ru' start='1582418570538' stop='1582418570555'>
    <name>Testing findbyelemnts method</name>
    <title>Testing findbyelemnts method</title>
    <test-cases>
        <test-case start='1582418570542' status='pending' stop='1582418570543'>
            <name>Testing it block for multiple elemnt</name>
            <title>Testing it block for multiple elemnt</title>
            <labels/>
            <parameters/>
            <steps/>
            <attachments/>
            <failure>
                <message>Test ignored</message>
                <stack-trace>undefined</stack-trace>
            </failure>
        </test-case>
        <test-case start='1582418570551' status='pending' stop='1582418570552'>
            <name>Testing is displayed method</name>
            <title>Testing is displayed method</title>
            <labels/>
            <parameters/>
            <steps/>
            <attachments/>
            <failure>
                <message>Test ignored</message>
                <stack-trace>undefined</stack-trace>
            </failure>
        </test-case>
        <test-case start='1582418570552' status='pending' stop='1582418570552'>
            <name>Testing is enabled method</name>
            <title>Testing is enabled method</title>
            <labels/>
            <parameters/>
            <steps/>
            <attachments/>
            <failure>
                <message>Test ignored</message>
                <stack-trace>undefined</stack-trace>
            </failure>
        </test-case>
        <test-case start='1582418570552' status='pending' stop='1582418570552'>
            <name>Testing is existing method</name>
            <title>Testing is existing method</title>
            <labels/>
            <parameters/>
            <steps/>
            <attachments/>
            <failure>
                <message>Test ignored</message>
                <stack-trace>undefined</stack-trace>
            </failure>
        </test-case>
        <test-case start='1582418570553' status='pending' stop='1582418570553'>
            <name>Testing is viewport method</name>
            <title>Testing is viewport method</title>
            <labels/>
            <parameters/>
            <steps/>
            <attachments/>
            <failure>
                <message>Test ignored</message>
                <stack-trace>undefined</stack-trace>
            </failure>
        </test-case>
        <test-case start='1582418570553' status='pending' stop='1582418570553'>
            <name>Testing is viewport method1</name>
            <title>Testing is viewport method1</title>
            <labels/>
            <parameters/>
            <steps/>
            <attachments/>
            <failure>
                <message>Test ignored</message>
                <stack-trace>undefined</stack-trace>
            </failure>
        </test-case>
        <test-case start='1582418570553' status='pending' stop='1582418570553'>
            <name>Testing is click on product</name>
            <title>Testing is click on product</title>
            <labels/>
            <parameters/>
            <steps/>
            <attachments/>
            <failure>
                <message>Test ignored</message>
                <stack-trace>undefined</stack-trace>
            </failure>
        </test-case>
    </test-cases>
</ns2:test-suite>